This file contains any messages produced by compilers while
running configure, to aid debugging if configure makes a mistake.

It was created by GStreamer RTSP Server Library configure 1.6.0, which was
generated by GNU Autoconf 2.69.  Invocation command line was

  $ ./configure 

## --------- ##
## Platform. ##
## --------- ##

hostname = MOFIRST-53
uname -m = x86_64
uname -r = 3.16.0-49-generic
uname -s = Linux
uname -v = #65~14.04.1-Ubuntu SMP Wed Sep 9 10:03:23 UTC 2015

/usr/bin/uname -p = unknown
/bin/uname -X     = unknown

/bin/arch              = unknown
/usr/bin/arch -k       = unknown
/usr/convex/getsysinfo = unknown
/usr/bin/hostinfo      = unknown
/bin/machine           = unknown
/usr/bin/oslevel       = unknown
/bin/universe          = unknown

PATH: /usr/local/sbin
PATH: /usr/local/bin
PATH: /usr/sbin
PATH: /usr/bin
PATH: /sbin
PATH: /bin
PATH: /usr/games
PATH: /usr/local/games


## ----------- ##
## Core tests. ##
## ----------- ##

configure:2445: checking build system type
configure:2459: result: x86_64-pc-linux-gnu
configure:2479: checking host system type
configure:2492: result: x86_64-pc-linux-gnu
configure:2512: checking target system type
configure:2525: result: x86_64-pc-linux-gnu
configure:2571: checking for a BSD-compatible install
configure:2639: result: /usr/bin/install -c
configure:2650: checking whether build environment is sane
configure:2705: result: yes
configure:2856: checking for a thread-safe mkdir -p
configure:2895: result: /bin/mkdir -p
configure:2902: checking for gawk
configure:2932: result: no
configure:2902: checking for mawk
configure:2918: found /usr/bin/mawk
configure:2929: result: mawk
configure:2940: checking whether make sets $(MAKE)
configure:2962: result: yes
configure:2991: checking whether make supports nested variables
configure:3008: result: yes
configure:3097: checking whether UID '1000' is supported by ustar format
configure:3100: result: yes
configure:3107: checking whether GID '1000' is supported by ustar format
configure:3110: result: yes
configure:3118: checking how to create a ustar tar archive
configure:3129: tar --version
tar (GNU tar) 1.27.1
Copyright (C) 2013 Free Software Foundation, Inc.
License GPLv3+: GNU GPL version 3 or later <http://gnu.org/licenses/gpl.html>.
This is free software: you are free to change and redistribute it.
There is NO WARRANTY, to the extent permitted by law.

Written by John Gilmore and Jay Fenlason.
configure:3132: $? = 0
configure:3172: tardir=conftest.dir && eval tar --format=ustar -chf - "$tardir" >conftest.tar
configure:3175: $? = 0
configure:3179: tar -xf - <conftest.tar
configure:3182: $? = 0
configure:3184: cat conftest.dir/file
GrepMe
configure:3187: $? = 0
configure:3200: result: gnutar
configure:3262: checking nano version
configure:3268: result: 0 (release)
configure:3294: checking whether to enable maintainer-specific portions of Makefiles
configure:3303: result: yes
configure:3330: checking whether make supports nested variables
configure:3347: result: yes
configure:3408: checking how to print strings
configure:3435: result: printf
configure:3468: checking for style of include used by make
configure:3496: result: GNU
configure:3567: checking for gcc
configure:3583: found /usr/bin/gcc
configure:3594: result: gcc
configure:3823: checking for C compiler version
configure:3832: gcc --version >&5
gcc (Ubuntu 4.8.4-2ubuntu1~14.04) 4.8.4
Copyright (C) 2013 Free Software Foundation, Inc.
This is free software; see the source for copying conditions.  There is NO
warranty; not even for MERCHANTABILITY or FITNESS FOR A PARTICULAR PURPOSE.

configure:3843: $? = 0
configure:3832: gcc -v >&5
Using built-in specs.
COLLECT_GCC=gcc
COLLECT_LTO_WRAPPER=/usr/lib/gcc/x86_64-linux-gnu/4.8/lto-wrapper
Target: x86_64-linux-gnu
Configured with: ../src/configure -v --with-pkgversion='Ubuntu 4.8.4-2ubuntu1~14.04' --with-bugurl=file:///usr/share/doc/gcc-4.8/README.Bugs --enable-languages=c,c++,java,go,d,fortran,objc,obj-c++ --prefix=/usr --program-suffix=-4.8 --enable-shared --enable-linker-build-id --libexecdir=/usr/lib --without-included-gettext --enable-threads=posix --with-gxx-include-dir=/usr/include/c++/4.8 --libdir=/usr/lib --enable-nls --with-sysroot=/ --enable-clocale=gnu --enable-libstdcxx-debug --enable-libstdcxx-time=yes --enable-gnu-unique-object --disable-libmudflap --enable-plugin --with-system-zlib --disable-browser-plugin --enable-java-awt=gtk --enable-gtk-cairo --with-java-home=/usr/lib/jvm/java-1.5.0-gcj-4.8-amd64/jre --enable-java-home --with-jvm-root-dir=/usr/lib/jvm/java-1.5.0-gcj-4.8-amd64 --with-jvm-jar-dir=/usr/lib/jvm-exports/java-1.5.0-gcj-4.8-amd64 --with-arch-directory=amd64 --with-ecj-jar=/usr/share/java/eclipse-ecj.jar --enable-objc-gc --enable-multiarch --disable-werror --with-arch-32=i686 --with-abi=m64 --with-multilib-list=m32,m64,mx32 --with-tune=generic --enable-checking=release --build=x86_64-linux-gnu --host=x86_64-linux-gnu --target=x86_64-linux-gnu
Thread model: posix
gcc version 4.8.4 (Ubuntu 4.8.4-2ubuntu1~14.04) 
configure:3843: $? = 0
configure:3832: gcc -V >&5
gcc: error: unrecognized command line option '-V'
gcc: fatal error: no input files
compilation terminated.
configure:3843: $? = 4
configure:3832: gcc -qversion >&5
gcc: error: unrecognized command line option '-qversion'
gcc: fatal error: no input files
compilation terminated.
configure:3843: $? = 4
configure:3863: checking whether the C compiler works
configure:3885: gcc    conftest.c  >&5
configure:3889: $? = 0
configure:3937: result: yes
configure:3940: checking for C compiler default output file name
configure:3942: result: a.out
configure:3948: checking for suffix of executables
configure:3955: gcc -o conftest    conftest.c  >&5
configure:3959: $? = 0
configure:3981: result: 
configure:4003: checking whether we are cross compiling
configure:4011: gcc -o conftest    conftest.c  >&5
configure:4015: $? = 0
configure:4022: ./conftest
configure:4026: $? = 0
configure:4041: result: no
configure:4046: checking for suffix of object files
configure:4068: gcc -c   conftest.c >&5
configure:4072: $? = 0
configure:4093: result: o
configure:4097: checking whether we are using the GNU C compiler
configure:4116: gcc -c   conftest.c >&5
configure:4116: $? = 0
configure:4125: result: yes
configure:4134: checking whether gcc accepts -g
configure:4154: gcc -c -g  conftest.c >&5
configure:4154: $? = 0
configure:4195: result: yes
configure:4212: checking for gcc option to accept ISO C89
configure:4275: gcc  -c -g -O2  conftest.c >&5
configure:4275: $? = 0
configure:4288: result: none needed
configure:4313: checking whether gcc understands -c and -o together
configure:4335: gcc -c conftest.c -o conftest2.o
configure:4338: $? = 0
configure:4335: gcc -c conftest.c -o conftest2.o
configure:4338: $? = 0
configure:4350: result: yes
configure:4369: checking dependency style of gcc
configure:4480: result: gcc3
configure:4495: checking for a sed that does not truncate output
configure:4559: result: /bin/sed
configure:4577: checking for grep that handles long lines and -e
configure:4635: result: /bin/grep
configure:4640: checking for egrep
configure:4702: result: /bin/grep -E
configure:4707: checking for fgrep
configure:4769: result: /bin/grep -F
configure:4804: checking for ld used by gcc
configure:4871: result: /usr/bin/ld
configure:4878: checking if the linker (/usr/bin/ld) is GNU ld
configure:4893: result: yes
configure:4905: checking for BSD- or MS-compatible name lister (nm)
configure:4954: result: /usr/bin/nm -B
configure:5084: checking the name lister (/usr/bin/nm -B) interface
configure:5091: gcc -c -g -O2  conftest.c >&5
configure:5094: /usr/bin/nm -B "conftest.o"
configure:5097: output
0000000000000000 B some_variable
configure:5104: result: BSD nm
configure:5107: checking whether ln -s works
configure:5111: result: yes
configure:5119: checking the maximum length of command line arguments
configure:5250: result: 1572864
configure:5267: checking whether the shell understands some XSI constructs
configure:5277: result: yes
configure:5281: checking whether the shell understands "+="
configure:5287: result: yes
configure:5322: checking how to convert x86_64-pc-linux-gnu file names to x86_64-pc-linux-gnu format
configure:5362: result: func_convert_file_noop
configure:5369: checking how to convert x86_64-pc-linux-gnu file names to toolchain format
configure:5389: result: func_convert_file_noop
configure:5396: checking for /usr/bin/ld option to reload object files
configure:5403: result: -r
configure:5477: checking for objdump
configure:5493: found /usr/bin/objdump
configure:5504: result: objdump
configure:5533: checking how to recognize dependent libraries
configure:5731: result: pass_all
configure:5816: checking for dlltool
configure:5846: result: no
configure:5873: checking how to associate runtime and link libraries
configure:5900: result: printf %s\n
configure:5961: checking for ar
configure:5977: found /usr/bin/ar
configure:5988: result: ar
configure:6025: checking for archiver @FILE support
configure:6042: gcc -c -g -O2  conftest.c >&5
configure:6042: $? = 0
configure:6045: ar cru libconftest.a @conftest.lst >&5
configure:6048: $? = 0
configure:6053: ar cru libconftest.a @conftest.lst >&5
ar: conftest.o: No such file or directory
configure:6056: $? = 1
configure:6068: result: @
configure:6126: checking for strip
configure:6142: found /usr/bin/strip
configure:6153: result: strip
configure:6225: checking for ranlib
configure:6241: found /usr/bin/ranlib
configure:6252: result: ranlib
configure:6354: checking command to parse /usr/bin/nm -B output from gcc object
configure:6474: gcc -c -g -O2  conftest.c >&5
configure:6477: $? = 0
configure:6481: /usr/bin/nm -B conftest.o \| sed -n -e 's/^.*[ ]\([ABCDGIRSTW][ABCDGIRSTW]*\)[ ][ ]*\([_A-Za-z][_A-Za-z0-9]*\)$/\1 \2 \2/p' | sed '/ __gnu_lto/d' \> conftest.nm
configure:6484: $? = 0
configure:6550: gcc -o conftest -g -O2   conftest.c conftstm.o >&5
configure:6553: $? = 0
configure:6591: result: ok
configure:6628: checking for sysroot
configure:6658: result: no
configure:6735: gcc -c -g -O2  conftest.c >&5
configure:6738: $? = 0
configure:6927: checking for mt
configure:6943: found /bin/mt
configure:6954: result: mt
configure:6977: checking if mt is a manifest tool
configure:6983: mt '-?'
configure:6991: result: no
configure:7633: checking how to run the C preprocessor
configure:7664: gcc -E  conftest.c
configure:7664: $? = 0
configure:7678: gcc -E  conftest.c
conftest.c:11:28: fatal error: ac_nonexistent.h: No such file or directory
 #include <ac_nonexistent.h>
                            ^
compilation terminated.
configure:7678: $? = 1
configure: failed program was:
| /* confdefs.h */
| #define PACKAGE_NAME "GStreamer RTSP Server Library"
| #define PACKAGE_TARNAME "gst-rtsp-server"
| #define PACKAGE_VERSION "1.6.0"
| #define PACKAGE_STRING "GStreamer RTSP Server Library 1.6.0"
| #define PACKAGE_BUGREPORT "http://bugzilla.gnome.org/enter_bug.cgi?product=GStreamer"
| #define PACKAGE_URL ""
| #define PACKAGE "gst-rtsp-server"
| #define VERSION "1.6.0"
| /* end confdefs.h.  */
| #include <ac_nonexistent.h>
configure:7703: result: gcc -E
configure:7723: gcc -E  conftest.c
configure:7723: $? = 0
configure:7737: gcc -E  conftest.c
conftest.c:11:28: fatal error: ac_nonexistent.h: No such file or directory
 #include <ac_nonexistent.h>
                            ^
compilation terminated.
configure:7737: $? = 1
configure: failed program was:
| /* confdefs.h */
| #define PACKAGE_NAME "GStreamer RTSP Server Library"
| #define PACKAGE_TARNAME "gst-rtsp-server"
| #define PACKAGE_VERSION "1.6.0"
| #define PACKAGE_STRING "GStreamer RTSP Server Library 1.6.0"
| #define PACKAGE_BUGREPORT "http://bugzilla.gnome.org/enter_bug.cgi?product=GStreamer"
| #define PACKAGE_URL ""
| #define PACKAGE "gst-rtsp-server"
| #define VERSION "1.6.0"
| /* end confdefs.h.  */
| #include <ac_nonexistent.h>
configure:7766: checking for ANSI C header files
configure:7786: gcc -c -g -O2  conftest.c >&5
configure:7786: $? = 0
configure:7859: gcc -o conftest -g -O2   conftest.c  >&5
configure:7859: $? = 0
configure:7859: ./conftest
configure:7859: $? = 0
configure:7870: result: yes
configure:7883: checking for sys/types.h
configure:7883: gcc -c -g -O2  conftest.c >&5
configure:7883: $? = 0
configure:7883: result: yes
configure:7883: checking for sys/stat.h
configure:7883: gcc -c -g -O2  conftest.c >&5
configure:7883: $? = 0
configure:7883: result: yes
configure:7883: checking for stdlib.h
configure:7883: gcc -c -g -O2  conftest.c >&5
configure:7883: $? = 0
configure:7883: result: yes
configure:7883: checking for string.h
configure:7883: gcc -c -g -O2  conftest.c >&5
configure:7883: $? = 0
configure:7883: result: yes
configure:7883: checking for memory.h
configure:7883: gcc -c -g -O2  conftest.c >&5
configure:7883: $? = 0
configure:7883: result: yes
configure:7883: checking for strings.h
configure:7883: gcc -c -g -O2  conftest.c >&5
configure:7883: $? = 0
configure:7883: result: yes
configure:7883: checking for inttypes.h
configure:7883: gcc -c -g -O2  conftest.c >&5
configure:7883: $? = 0
configure:7883: result: yes
configure:7883: checking for stdint.h
configure:7883: gcc -c -g -O2  conftest.c >&5
configure:7883: $? = 0
configure:7883: result: yes
configure:7883: checking for unistd.h
configure:7883: gcc -c -g -O2  conftest.c >&5
configure:7883: $? = 0
configure:7883: result: yes
configure:7897: checking for dlfcn.h
configure:7897: gcc -c -g -O2  conftest.c >&5
configure:7897: $? = 0
configure:7897: result: yes
configure:8417: checking for objdir
configure:8432: result: .libs
configure:8703: checking if gcc supports -fno-rtti -fno-exceptions
configure:8721: gcc -c -g -O2  -fno-rtti -fno-exceptions conftest.c >&5
cc1: warning: command line option '-fno-rtti' is valid for C++/ObjC++ but not for C [enabled by default]
configure:8725: $? = 0
configure:8738: result: no
configure:9065: checking for gcc option to produce PIC
configure:9072: result: -fPIC -DPIC
configure:9080: checking if gcc PIC flag -fPIC -DPIC works
configure:9098: gcc -c -g -O2  -fPIC -DPIC -DPIC conftest.c >&5
configure:9102: $? = 0
configure:9115: result: yes
configure:9144: checking if gcc static flag -static works
configure:9172: result: yes
configure:9187: checking if gcc supports -c -o file.o
configure:9208: gcc -c -g -O2  -o out/conftest2.o conftest.c >&5
configure:9212: $? = 0
configure:9234: result: yes
configure:9242: checking if gcc supports -c -o file.o
configure:9289: result: yes
configure:9322: checking whether the gcc linker (/usr/bin/ld -m elf_x86_64) supports shared libraries
configure:10479: result: yes
configure:10516: checking whether -lc should be explicitly linked in
configure:10524: gcc -c -g -O2  conftest.c >&5
configure:10527: $? = 0
configure:10542: gcc -shared  -fPIC -DPIC conftest.o  -v -Wl,-soname -Wl,conftest -o conftest 2\>\&1 \| /bin/grep  -lc  \>/dev/null 2\>\&1
configure:10545: $? = 0
configure:10559: result: no
configure:10719: checking dynamic linker characteristics
configure:11219: gcc -o conftest -g -O2   -Wl,-rpath -Wl,/foo conftest.c  >&5
configure:11219: $? = 0
configure:11453: result: GNU/Linux ld.so
configure:11560: checking how to hardcode library paths into programs
configure:11585: result: immediate
configure:11679: checking for shl_load
configure:11679: gcc -o conftest -g -O2   conftest.c  >&5
/tmp/ccYzDuNQ.o: In function `main':
/home/dhruv/Downloads/gst-rtsp-server-1.6.0/conftest.c:57: undefined reference to `shl_load'
collect2: error: ld returned 1 exit status
configure:11679: $? = 1
configure: failed program was:
| /* confdefs.h */
| #define PACKAGE_NAME "GStreamer RTSP Server Library"
| #define PACKAGE_TARNAME "gst-rtsp-server"
| #define PACKAGE_VERSION "1.6.0"
| #define PACKAGE_STRING "GStreamer RTSP Server Library 1.6.0"
| #define PACKAGE_BUGREPORT "http://bugzilla.gnome.org/enter_bug.cgi?product=GStreamer"
| #define PACKAGE_URL ""
| #define PACKAGE "gst-rtsp-server"
| #define VERSION "1.6.0"
| #define STDC_HEADERS 1
| #define HAVE_SYS_TYPES_H 1
| #define HAVE_SYS_STAT_H 1
| #define HAVE_STDLIB_H 1
| #define HAVE_STRING_H 1
| #define HAVE_MEMORY_H 1
| #define HAVE_STRINGS_H 1
| #define HAVE_INTTYPES_H 1
| #define HAVE_STDINT_H 1
| #define HAVE_UNISTD_H 1
| #define HAVE_DLFCN_H 1
| #define LT_OBJDIR ".libs/"
| /* end confdefs.h.  */
| /* Define shl_load to an innocuous variant, in case <limits.h> declares shl_load.
|    For example, HP-UX 11i <limits.h> declares gettimeofday.  */
| #define shl_load innocuous_shl_load
| 
| /* System header to define __stub macros and hopefully few prototypes,
|     which can conflict with char shl_load (); below.
|     Prefer <limits.h> to <assert.h> if __STDC__ is defined, since
|     <limits.h> exists even on freestanding compilers.  */
| 
| #ifdef __STDC__
| # include <limits.h>
| #else
| # include <assert.h>
| #endif
| 
| #undef shl_load
| 
| /* Override any GCC internal prototype to avoid an error.
|    Use char because int might match the return type of a GCC
|    builtin and then its argument prototype would still apply.  */
| #ifdef __cplusplus
| extern "C"
| #endif
| char shl_load ();
| /* The GNU C library defines this for functions which it implements
|     to always fail with ENOSYS.  Some functions are actually named
|     something starting with __ and the normal name is an alias.  */
| #if defined __stub_shl_load || defined __stub___shl_load
| choke me
| #endif
| 
| int
| main ()
| {
| return shl_load ();
|   ;
|   return 0;
| }
configure:11679: result: no
configure:11683: checking for shl_load in -ldld
configure:11708: gcc -o conftest -g -O2   conftest.c -ldld   >&5
/usr/bin/ld: cannot find -ldld
collect2: error: ld returned 1 exit status
configure:11708: $? = 1
configure: failed program was:
| /* confdefs.h */
| #define PACKAGE_NAME "GStreamer RTSP Server Library"
| #define PACKAGE_TARNAME "gst-rtsp-server"
| #define PACKAGE_VERSION "1.6.0"
| #define PACKAGE_STRING "GStreamer RTSP Server Library 1.6.0"
| #define PACKAGE_BUGREPORT "http://bugzilla.gnome.org/enter_bug.cgi?product=GStreamer"
| #define PACKAGE_URL ""
| #define PACKAGE "gst-rtsp-server"
| #define VERSION "1.6.0"
| #define STDC_HEADERS 1
| #define HAVE_SYS_TYPES_H 1
| #define HAVE_SYS_STAT_H 1
| #define HAVE_STDLIB_H 1
| #define HAVE_STRING_H 1
| #define HAVE_MEMORY_H 1
| #define HAVE_STRINGS_H 1
| #define HAVE_INTTYPES_H 1
| #define HAVE_STDINT_H 1
| #define HAVE_UNISTD_H 1
| #define HAVE_DLFCN_H 1
| #define LT_OBJDIR ".libs/"
| /* end confdefs.h.  */
| 
| /* Override any GCC internal prototype to avoid an error.
|    Use char because int might match the return type of a GCC
|    builtin and then its argument prototype would still apply.  */
| #ifdef __cplusplus
| extern "C"
| #endif
| char shl_load ();
| int
| main ()
| {
| return shl_load ();
|   ;
|   return 0;
| }
configure:11717: result: no
configure:11722: checking for dlopen
configure:11722: gcc -o conftest -g -O2   conftest.c  >&5
/tmp/cc5bEY8T.o: In function `main':
/home/dhruv/Downloads/gst-rtsp-server-1.6.0/conftest.c:57: undefined reference to `dlopen'
collect2: error: ld returned 1 exit status
configure:11722: $? = 1
configure: failed program was:
| /* confdefs.h */
| #define PACKAGE_NAME "GStreamer RTSP Server Library"
| #define PACKAGE_TARNAME "gst-rtsp-server"
| #define PACKAGE_VERSION "1.6.0"
| #define PACKAGE_STRING "GStreamer RTSP Server Library 1.6.0"
| #define PACKAGE_BUGREPORT "http://bugzilla.gnome.org/enter_bug.cgi?product=GStreamer"
| #define PACKAGE_URL ""
| #define PACKAGE "gst-rtsp-server"
| #define VERSION "1.6.0"
| #define STDC_HEADERS 1
| #define HAVE_SYS_TYPES_H 1
| #define HAVE_SYS_STAT_H 1
| #define HAVE_STDLIB_H 1
| #define HAVE_STRING_H 1
| #define HAVE_MEMORY_H 1
| #define HAVE_STRINGS_H 1
| #define HAVE_INTTYPES_H 1
| #define HAVE_STDINT_H 1
| #define HAVE_UNISTD_H 1
| #define HAVE_DLFCN_H 1
| #define LT_OBJDIR ".libs/"
| /* end confdefs.h.  */
| /* Define dlopen to an innocuous variant, in case <limits.h> declares dlopen.
|    For example, HP-UX 11i <limits.h> declares gettimeofday.  */
| #define dlopen innocuous_dlopen
| 
| /* System header to define __stub macros and hopefully few prototypes,
|     which can conflict with char dlopen (); below.
|     Prefer <limits.h> to <assert.h> if __STDC__ is defined, since
|     <limits.h> exists even on freestanding compilers.  */
| 
| #ifdef __STDC__
| # include <limits.h>
| #else
| # include <assert.h>
| #endif
| 
| #undef dlopen
| 
| /* Override any GCC internal prototype to avoid an error.
|    Use char because int might match the return type of a GCC
|    builtin and then its argument prototype would still apply.  */
| #ifdef __cplusplus
| extern "C"
| #endif
| char dlopen ();
| /* The GNU C library defines this for functions which it implements
|     to always fail with ENOSYS.  Some functions are actually named
|     something starting with __ and the normal name is an alias.  */
| #if defined __stub_dlopen || defined __stub___dlopen
| choke me
| #endif
| 
| int
| main ()
| {
| return dlopen ();
|   ;
|   return 0;
| }
configure:11722: result: no
configure:11726: checking for dlopen in -ldl
configure:11751: gcc -o conftest -g -O2   conftest.c -ldl   >&5
configure:11751: $? = 0
configure:11760: result: yes
configure:11879: checking whether a program can dlopen itself
configure:11959: gcc -o conftest -g -O2  -DHAVE_DLFCN_H  -Wl,--export-dynamic conftest.c -ldl  >&5
configure:11962: $? = 0
configure:11980: result: yes
configure:11985: checking whether a statically linked program can dlopen itself
configure:12065: gcc -o conftest -g -O2  -DHAVE_DLFCN_H  -Wl,--export-dynamic -static conftest.c -ldl  >&5
/tmp/ccwplrq2.o: In function `main':
/home/dhruv/Downloads/gst-rtsp-server-1.6.0/configure:12044: warning: Using 'dlopen' in statically linked applications requires at runtime the shared libraries from the glibc version used for linking
/usr/bin/ld: dynamic STT_GNU_IFUNC symbol `strcmp' with pointer equality in `/usr/lib/gcc/x86_64-linux-gnu/4.8/../../../x86_64-linux-gnu/libc.a(strcmp.o)' can not be used when making an executable; recompile with -fPIE and relink with -pie
collect2: error: ld returned 1 exit status
configure:12068: $? = 1
configure:12086: result: no
configure:12125: checking whether stripping libraries is possible
configure:12130: result: yes
configure:12165: checking if libtool supports shared libraries
configure:12167: result: yes
configure:12170: checking whether to build shared libraries
configure:12191: result: yes
configure:12194: checking whether to build static libraries
configure:12198: result: no
configure:12395: checking for pkg-config
configure:12413: found /usr/bin/pkg-config
configure:12425: result: /usr/bin/pkg-config
configure:12450: checking pkg-config is at least version 0.9.0
configure:12453: result: yes
configure:12479: checking for VALGRIND
configure:12487: $PKG_CONFIG --exists --print-errors "valgrind >= $VALGRIND_REQ"
Package valgrind was not found in the pkg-config search path.
Perhaps you should add the directory containing `valgrind.pc'
to the PKG_CONFIG_PATH environment variable
No package 'valgrind' found
configure:12490: $? = 1
configure:12505: $PKG_CONFIG --exists --print-errors "valgrind >= $VALGRIND_REQ"
Package valgrind was not found in the pkg-config search path.
Perhaps you should add the directory containing `valgrind.pc'
to the PKG_CONFIG_PATH environment variable
No package 'valgrind' found
configure:12508: $? = 1
No package 'valgrind' found
configure:12536: result: no
configure:12725: Using GStreamer RTSP Server Library source release as package name
configure:12749: Using Unknown package origin as package origin
configure:12788: Using GST_PKG_CONFIG_PATH = $(top_builddir)/pkgconfig
configure:12822: Setting GST_PACKAGE_RELEASE_DATETIME to 2015-09-25
configure:12946: checking for gcc
configure:12973: result: gcc
configure:13202: checking for C compiler version
configure:13211: gcc --version >&5
gcc (Ubuntu 4.8.4-2ubuntu1~14.04) 4.8.4
Copyright (C) 2013 Free Software Foundation, Inc.
This is free software; see the source for copying conditions.  There is NO
warranty; not even for MERCHANTABILITY or FITNESS FOR A PARTICULAR PURPOSE.

configure:13222: $? = 0
configure:13211: gcc -v >&5
Using built-in specs.
COLLECT_GCC=gcc
COLLECT_LTO_WRAPPER=/usr/lib/gcc/x86_64-linux-gnu/4.8/lto-wrapper
Target: x86_64-linux-gnu
Configured with: ../src/configure -v --with-pkgversion='Ubuntu 4.8.4-2ubuntu1~14.04' --with-bugurl=file:///usr/share/doc/gcc-4.8/README.Bugs --enable-languages=c,c++,java,go,d,fortran,objc,obj-c++ --prefix=/usr --program-suffix=-4.8 --enable-shared --enable-linker-build-id --libexecdir=/usr/lib --without-included-gettext --enable-threads=posix --with-gxx-include-dir=/usr/include/c++/4.8 --libdir=/usr/lib --enable-nls --with-sysroot=/ --enable-clocale=gnu --enable-libstdcxx-debug --enable-libstdcxx-time=yes --enable-gnu-unique-object --disable-libmudflap --enable-plugin --with-system-zlib --disable-browser-plugin --enable-java-awt=gtk --enable-gtk-cairo --with-java-home=/usr/lib/jvm/java-1.5.0-gcj-4.8-amd64/jre --enable-java-home --with-jvm-root-dir=/usr/lib/jvm/java-1.5.0-gcj-4.8-amd64 --with-jvm-jar-dir=/usr/lib/jvm-exports/java-1.5.0-gcj-4.8-amd64 --with-arch-directory=amd64 --with-ecj-jar=/usr/share/java/eclipse-ecj.jar --enable-objc-gc --enable-multiarch --disable-werror --with-arch-32=i686 --with-abi=m64 --with-multilib-list=m32,m64,mx32 --with-tune=generic --enable-checking=release --build=x86_64-linux-gnu --host=x86_64-linux-gnu --target=x86_64-linux-gnu
Thread model: posix
gcc version 4.8.4 (Ubuntu 4.8.4-2ubuntu1~14.04) 
configure:13222: $? = 0
configure:13211: gcc -V >&5
gcc: error: unrecognized command line option '-V'
gcc: fatal error: no input files
compilation terminated.
configure:13222: $? = 4
configure:13211: gcc -qversion >&5
gcc: error: unrecognized command line option '-qversion'
gcc: fatal error: no input files
compilation terminated.
configure:13222: $? = 4
configure:13226: checking whether we are using the GNU C compiler
configure:13254: result: yes
configure:13263: checking whether gcc accepts -g
configure:13324: result: yes
configure:13341: checking for gcc option to accept ISO C89
configure:13417: result: none needed
configure:13442: checking whether gcc understands -c and -o together
configure:13479: result: yes
configure:13498: checking dependency style of gcc
configure:13609: result: gcc3
configure:13628: checking for gcc option to accept ISO C99
configure:13777: gcc  -c -g -O2  conftest.c >&5
conftest.c:76:29: error: expected ';', ',' or ')' before 'text'
 test_restrict (ccp restrict text)
                             ^
conftest.c: In function 'main':
conftest.c:130:18: error: expected '=', ',', ';', 'asm' or '__attribute__' before 'newvar'
   char *restrict newvar = "Another string";
                  ^
conftest.c:130:18: error: 'newvar' undeclared (first use in this function)
conftest.c:130:18: note: each undeclared identifier is reported only once for each function it appears in
conftest.c:140:3: error: 'for' loop initial declarations are only allowed in C99 mode
   for (int i = 0; i < ia->datasize; ++i)
   ^
conftest.c:140:3: note: use option -std=c99 or -std=gnu99 to compile your code
configure:13777: $? = 1
configure: failed program was:
| /* confdefs.h */
| #define PACKAGE_NAME "GStreamer RTSP Server Library"
| #define PACKAGE_TARNAME "gst-rtsp-server"
| #define PACKAGE_VERSION "1.6.0"
| #define PACKAGE_STRING "GStreamer RTSP Server Library 1.6.0"
| #define PACKAGE_BUGREPORT "http://bugzilla.gnome.org/enter_bug.cgi?product=GStreamer"
| #define PACKAGE_URL ""
| #define PACKAGE "gst-rtsp-server"
| #define VERSION "1.6.0"
| #define STDC_HEADERS 1
| #define HAVE_SYS_TYPES_H 1
| #define HAVE_SYS_STAT_H 1
| #define HAVE_STDLIB_H 1
| #define HAVE_STRING_H 1
| #define HAVE_MEMORY_H 1
| #define HAVE_STRINGS_H 1
| #define HAVE_INTTYPES_H 1
| #define HAVE_STDINT_H 1
| #define HAVE_UNISTD_H 1
| #define HAVE_DLFCN_H 1
| #define LT_OBJDIR ".libs/"
| #define GST_PACKAGE_NAME "GStreamer RTSP Server Library source release"
| #define GST_PACKAGE_ORIGIN "Unknown package origin"
| #define GST_PACKAGE_RELEASE_DATETIME "2015-09-25"
| /* end confdefs.h.  */
| #include <stdarg.h>
| #include <stdbool.h>
| #include <stdlib.h>
| #include <wchar.h>
| #include <stdio.h>
| 
| // Check varargs macros.  These examples are taken from C99 6.10.3.5.
| #define debug(...) fprintf (stderr, __VA_ARGS__)
| #define showlist(...) puts (#__VA_ARGS__)
| #define report(test,...) ((test) ? puts (#test) : printf (__VA_ARGS__))
| static void
| test_varargs_macros (void)
| {
|   int x = 1234;
|   int y = 5678;
|   debug ("Flag");
|   debug ("X = %d\n", x);
|   showlist (The first, second, and third items.);
|   report (x>y, "x is %d but y is %d", x, y);
| }
| 
| // Check long long types.
| #define BIG64 18446744073709551615ull
| #define BIG32 4294967295ul
| #define BIG_OK (BIG64 / BIG32 == 4294967297ull && BIG64 % BIG32 == 0)
| #if !BIG_OK
|   your preprocessor is broken;
| #endif
| #if BIG_OK
| #else
|   your preprocessor is broken;
| #endif
| static long long int bignum = -9223372036854775807LL;
| static unsigned long long int ubignum = BIG64;
| 
| struct incomplete_array
| {
|   int datasize;
|   double data[];
| };
| 
| struct named_init {
|   int number;
|   const wchar_t *name;
|   double average;
| };
| 
| typedef const char *ccp;
| 
| static inline int
| test_restrict (ccp restrict text)
| {
|   // See if C++-style comments work.
|   // Iterate through items via the restricted pointer.
|   // Also check for declarations in for loops.
|   for (unsigned int i = 0; *(text+i) != '\0'; ++i)
|     continue;
|   return 0;
| }
| 
| // Check varargs and va_copy.
| static void
| test_varargs (const char *format, ...)
| {
|   va_list args;
|   va_start (args, format);
|   va_list args_copy;
|   va_copy (args_copy, args);
| 
|   const char *str;
|   int number;
|   float fnumber;
| 
|   while (*format)
|     {
|       switch (*format++)
| 	{
| 	case 's': // string
| 	  str = va_arg (args_copy, const char *);
| 	  break;
| 	case 'd': // int
| 	  number = va_arg (args_copy, int);
| 	  break;
| 	case 'f': // float
| 	  fnumber = va_arg (args_copy, double);
| 	  break;
| 	default:
| 	  break;
| 	}
|     }
|   va_end (args_copy);
|   va_end (args);
| }
| 
| int
| main ()
| {
| 
|   // Check bool.
|   _Bool success = false;
| 
|   // Check restrict.
|   if (test_restrict ("String literal") == 0)
|     success = true;
|   char *restrict newvar = "Another string";
| 
|   // Check varargs.
|   test_varargs ("s, d' f .", "string", 65, 34.234);
|   test_varargs_macros ();
| 
|   // Check flexible array members.
|   struct incomplete_array *ia =
|     malloc (sizeof (struct incomplete_array) + (sizeof (double) * 10));
|   ia->datasize = 10;
|   for (int i = 0; i < ia->datasize; ++i)
|     ia->data[i] = i * 1.234;
| 
|   // Check named initializers.
|   struct named_init ni = {
|     .number = 34,
|     .name = L"Test wide string",
|     .average = 543.34343,
|   };
| 
|   ni.number = 58;
| 
|   int dynamic_array[ni.number];
|   dynamic_array[ni.number - 1] = 543;
| 
|   // work around unused variable warnings
|   return (!success || bignum == 0LL || ubignum == 0uLL || newvar[0] == 'x'
| 	  || dynamic_array[ni.number - 1] != 543);
| 
|   ;
|   return 0;
| }
configure:13777: gcc -std=gnu99 -c -g -O2  conftest.c >&5
configure:13777: $? = 0
configure:13797: result: -std=gnu99
configure:13898: checking for gcc -std=gnu99 option to accept ISO Standard C
configure:13912: result: -std=gnu99
configure:13928: checking dependency style of gcc -std=gnu99
configure:14037: result: gcc3
configure:14055: checking for valgrind
configure:14086: result: no
configure:14114: checking for gobject-introspection
configure:14145: $PKG_CONFIG --exists --print-errors "gobject-introspection-1.0 >= 1.31.1"
Package gobject-introspection-1.0 was not found in the pkg-config search path.
Perhaps you should add the directory containing `gobject-introspection-1.0.pc'
to the PKG_CONFIG_PATH environment variable
No package 'gobject-introspection-1.0' found
configure:14148: $? = 1
configure:14159: result: no
configure:14758: checking for gtkdoc-check
configure:14791: result: no
configure:14800: checking for gtkdoc-rebase
configure:14833: result: no
configure:14844: checking for gtkdoc-mkpdf
configure:14877: result: no
configure:15078: checking whether to build gtk-doc documentation
configure:15080: result: no
configure:15162: checking for GLIB
configure:15170: $PKG_CONFIG --exists --print-errors "$which"
configure:15173: $? = 0
configure:15188: $PKG_CONFIG --exists --print-errors "$which"
configure:15191: $? = 0
configure:15243: result: yes
configure:15302: checking for glib-genmarshal
configure:15310: result: glib-genmarshal (from pkg-config path)
configure:15364: checking for glib-mkenums
configure:15371: result: glib-mkenums
configure:15384: checking for GIO
configure:15392: $PKG_CONFIG --exists --print-errors "gio-2.0 >= $GLIB_REQ"
configure:15395: $? = 0
configure:15410: $PKG_CONFIG --exists --print-errors "gio-2.0 >= $GLIB_REQ"
configure:15413: $? = 0
configure:15468: result: yes
configure:15508: checking for GST
configure:15516: $PKG_CONFIG --exists --print-errors "$module >= $minver"
configure:15519: $? = 0
configure:15534: $PKG_CONFIG --exists --print-errors "$module >= $minver"
configure:15537: $? = 0
configure:15593: result: yes
configure:15607: using GStreamer tools in /usr/local/bin
configure:15617: using GStreamer plug-ins in /usr/local/lib/gstreamer-1.0
configure:15630: Using GStreamer Core Plugins in /usr/local/lib/gstreamer-1.0
configure:15641: checking for GST_BASE
configure:15649: $PKG_CONFIG --exists --print-errors "$module >= $minver"
configure:15652: $? = 0
configure:15667: $PKG_CONFIG --exists --print-errors "$module >= $minver"
configure:15670: $? = 0
configure:15726: result: yes
configure:15744: checking for GST_PLUGINS_BASE
configure:15752: $PKG_CONFIG --exists --print-errors "$module >= $minver"
configure:15755: $? = 0
configure:15770: $PKG_CONFIG --exists --print-errors "$module >= $minver"
configure:15773: $? = 0
configure:15829: result: yes
configure:15845: using GStreamer Base Plugins in /usr/local/lib/gstreamer-1.0
configure:15854: Using GStreamer Base Plugins in /usr/local/lib/gstreamer-1.0
configure:15865: checking for GST_PLUGINS_GOOD
configure:15873: $PKG_CONFIG --exists --print-errors "$module >= $minver"
Package gstreamer-plugins-good-1.0 was not found in the pkg-config search path.
Perhaps you should add the directory containing `gstreamer-plugins-good-1.0.pc'
to the PKG_CONFIG_PATH environment variable
No package 'gstreamer-plugins-good-1.0' found
configure:15876: $? = 1
configure:15891: $PKG_CONFIG --exists --print-errors "$module >= $minver"
Package gstreamer-plugins-good-1.0 was not found in the pkg-config search path.
Perhaps you should add the directory containing `gstreamer-plugins-good-1.0.pc'
to the PKG_CONFIG_PATH environment variable
No package 'gstreamer-plugins-good-1.0' found
configure:15894: $? = 1
No package 'gstreamer-plugins-good-1.0' found
configure:15922: result: no
configure:15926: No package 'gstreamer-plugins-good-1.0' found
configure:15931: no gstreamer-plugins-good-1.0 >= 1.6.0 (GStreamer Good Plugins) found
configure:15974: Using GStreamer Good Plugins in 
configure:15985: checking for GST_PLUGINS_BAD
configure:15993: $PKG_CONFIG --exists --print-errors "$module >= $minver"
Package gstreamer-plugins-bad-1.0 was not found in the pkg-config search path.
Perhaps you should add the directory containing `gstreamer-plugins-bad-1.0.pc'
to the PKG_CONFIG_PATH environment variable
No package 'gstreamer-plugins-bad-1.0' found
configure:15996: $? = 1
configure:16011: $PKG_CONFIG --exists --print-errors "$module >= $minver"
Package gstreamer-plugins-bad-1.0 was not found in the pkg-config search path.
Perhaps you should add the directory containing `gstreamer-plugins-bad-1.0.pc'
to the PKG_CONFIG_PATH environment variable
No package 'gstreamer-plugins-bad-1.0' found
configure:16014: $? = 1
No package 'gstreamer-plugins-bad-1.0' found
configure:16042: result: no
configure:16046: No package 'gstreamer-plugins-bad-1.0' found
configure:16051: no gstreamer-plugins-bad-1.0 >= 1.6.0 (GStreamer Bad Plugins) found
configure:16094: Using GStreamer Bad Plugins in 
configure:16105: checking for GST_CHECK
configure:16113: $PKG_CONFIG --exists --print-errors "$module >= $minver"
configure:16116: $? = 0
configure:16131: $PKG_CONFIG --exists --print-errors "$module >= $minver"
configure:16134: $? = 0
configure:16190: result: yes
configure:16213: checking for -Bsymbolic-functions linker flag
configure:16227: gcc -std=gnu99 -o conftest -g -O2  -Wl,-Bsymbolic-functions conftest.c  >&5
configure:16227: $? = 0
configure:16229: result: yes
configure:16287: Using /usr/local/lib/gstreamer-1.0 as the plugin install location
configure:16324: Setting GST_PACKAGE_RELEASE_DATETIME to 2015-09-25
configure:16381: checking whether the GStreamer debugging system is enabled
configure:16400: gcc -std=gnu99 -c -pthread -I/usr/local/include/gstreamer-1.0 -I/usr/local/lib/gstreamer-1.0/include -I/usr/include/glib-2.0 -I/usr/lib/x86_64-linux-gnu/glib-2.0/include   -g -O2  conftest.c >&5
configure:16400: $? = 0
configure:16414: result: yes
configure:16434: checking to see if compiler understands -Wall
configure:16451: gcc -std=gnu99 -c -g -O2 -Wall  conftest.c >&5
configure:16451: $? = 0
configure:16466: result: yes
configure:16471: checking to see if compiler understands -Wdeclaration-after-statement
configure:16488: gcc -std=gnu99 -c -g -O2 -Wdeclaration-after-statement  conftest.c >&5
configure:16488: $? = 0
configure:16503: result: yes
configure:16508: checking to see if compiler understands -Wvla
configure:16525: gcc -std=gnu99 -c -g -O2 -Wvla  conftest.c >&5
configure:16525: $? = 0
configure:16540: result: yes
configure:16545: checking to see if compiler understands -Wpointer-arith
configure:16562: gcc -std=gnu99 -c -g -O2 -Wpointer-arith  conftest.c >&5
configure:16562: $? = 0
configure:16577: result: yes
configure:16715: checking to see if compiler understands -Wmissing-declarations
configure:16732: gcc -std=gnu99 -c -g -O2 -Wmissing-declarations  conftest.c >&5
configure:16732: $? = 0
configure:16747: result: yes
configure:16715: checking to see if compiler understands -Wmissing-prototypes
configure:16732: gcc -std=gnu99 -c -g -O2 -Wmissing-prototypes  conftest.c >&5
configure:16732: $? = 0
configure:16747: result: yes
configure:16715: checking to see if compiler understands -Wredundant-decls
configure:16732: gcc -std=gnu99 -c -g -O2 -Wredundant-decls  conftest.c >&5
configure:16732: $? = 0
configure:16747: result: yes
configure:16715: checking to see if compiler understands -Wundef
configure:16732: gcc -std=gnu99 -c -g -O2 -Wundef  conftest.c >&5
configure:16732: $? = 0
configure:16747: result: yes
configure:16715: checking to see if compiler understands -Wwrite-strings
configure:16732: gcc -std=gnu99 -c -g -O2 -Wwrite-strings  conftest.c >&5
configure:16732: $? = 0
configure:16747: result: yes
configure:16715: checking to see if compiler understands -Wformat-nonliteral
configure:16732: gcc -std=gnu99 -c -g -O2 -Wformat-nonliteral  conftest.c >&5
configure:16732: $? = 0
configure:16747: result: yes
configure:16715: checking to see if compiler understands -Wformat-security
configure:16732: gcc -std=gnu99 -c -g -O2 -Wformat-security  conftest.c >&5
configure:16732: $? = 0
configure:16747: result: yes
configure:16715: checking to see if compiler understands -Wold-style-definition
configure:16732: gcc -std=gnu99 -c -g -O2 -Wold-style-definition  conftest.c >&5
conftest.c: In function 'main':
conftest.c:34:1: warning: old-style function definition [-Wold-style-definition]
 main ()
 ^
configure:16732: $? = 0
configure:16747: result: yes
configure:16715: checking to see if compiler understands -Winit-self
configure:16732: gcc -std=gnu99 -c -g -O2 -Winit-self  conftest.c >&5
configure:16732: $? = 0
configure:16747: result: yes
configure:16715: checking to see if compiler understands -Wmissing-include-dirs
configure:16732: gcc -std=gnu99 -c -g -O2 -Wmissing-include-dirs  conftest.c >&5
configure:16732: $? = 0
configure:16747: result: yes
configure:16715: checking to see if compiler understands -Waddress
configure:16732: gcc -std=gnu99 -c -g -O2 -Waddress  conftest.c >&5
configure:16732: $? = 0
configure:16747: result: yes
configure:16715: checking to see if compiler understands -Waggregate-return
configure:16732: gcc -std=gnu99 -c -g -O2 -Waggregate-return  conftest.c >&5
configure:16732: $? = 0
configure:16747: result: yes
configure:16715: checking to see if compiler understands -Wno-multichar
configure:16732: gcc -std=gnu99 -c -g -O2 -Wno-multichar  conftest.c >&5
configure:16732: $? = 0
configure:16747: result: yes
configure:16715: checking to see if compiler understands -Wnested-externs
configure:16732: gcc -std=gnu99 -c -g -O2 -Wnested-externs  conftest.c >&5
configure:16732: $? = 0
configure:16747: result: yes
configure:16759: set WARNING_CFLAGS to  -Wall -Wdeclaration-after-statement -Wvla -Wpointer-arith -Wmissing-declarations -Wmissing-prototypes -Wredundant-decls -Wundef -Wwrite-strings -Wformat-nonliteral -Wformat-security -Wold-style-definition -Winit-self -Wmissing-include-dirs -Waddress -Waggregate-return -Wno-multichar -Wnested-externs
configure:16761: set ERROR_CFLAGS to 
configure:16810: Using autoaudiosink as default audio sink
configure:16835: Using alsasrc as default audio source
configure:16860: Using autovideosink as default video sink
configure:16885: Using v4l2src as default video source
configure:16910: Using goom as default visualizer
configure:16967: checking for LIBCGROUP
configure:16975: $PKG_CONFIG --exists --print-errors "libcgroup >= 0.26"
Package libcgroup was not found in the pkg-config search path.
Perhaps you should add the directory containing `libcgroup.pc'
to the PKG_CONFIG_PATH environment variable
No package 'libcgroup' found
configure:16978: $? = 1
configure:16993: $PKG_CONFIG --exists --print-errors "libcgroup >= 0.26"
Package libcgroup was not found in the pkg-config search path.
Perhaps you should add the directory containing `libcgroup.pc'
to the PKG_CONFIG_PATH environment variable
No package 'libcgroup' found
configure:16996: $? = 1
No package 'libcgroup' found
configure:17024: result: no
configure:17160: checking that generated files are newer than configure
configure:17166: result: done
configure:17261: creating ./config.status

## ---------------------- ##
## Running config.status. ##
## ---------------------- ##

This file was extended by GStreamer RTSP Server Library config.status 1.6.0, which was
generated by GNU Autoconf 2.69.  Invocation command line was

  CONFIG_FILES    = 
  CONFIG_HEADERS  = 
  CONFIG_LINKS    = 
  CONFIG_COMMANDS = 
  $ ./config.status 

on MOFIRST-53

config.status:1267: creating Makefile
config.status:1267: creating gst-rtsp.spec
config.status:1267: creating common/Makefile
config.status:1267: creating common/m4/Makefile
config.status:1267: creating gst/Makefile
config.status:1267: creating gst/rtsp-server/Makefile
config.status:1267: creating examples/Makefile
config.status:1267: creating tests/Makefile
config.status:1267: creating tests/check/Makefile
config.status:1267: creating pkgconfig/Makefile
config.status:1267: creating pkgconfig/gstreamer-rtsp-server.pc
config.status:1267: creating pkgconfig/gstreamer-rtsp-server-uninstalled.pc
config.status:1267: creating docs/Makefile
config.status:1267: creating docs/version.entities
config.status:1267: creating docs/libs/Makefile
config.status:1267: creating config.h
config.status:1448: config.h is unchanged
config.status:1496: executing depfiles commands
config.status:1496: executing libtool commands

## ---------------- ##
## Cache variables. ##
## ---------------- ##

ac_cv_build=x86_64-pc-linux-gnu
ac_cv_c_compiler_gnu=yes
ac_cv_env_CCASFLAGS_set=
ac_cv_env_CCASFLAGS_value=
ac_cv_env_CCAS_set=
ac_cv_env_CCAS_value=
ac_cv_env_CC_set=
ac_cv_env_CC_value=
ac_cv_env_CFLAGS_set=
ac_cv_env_CFLAGS_value=
ac_cv_env_CPPFLAGS_set=
ac_cv_env_CPPFLAGS_value=
ac_cv_env_CPP_set=
ac_cv_env_CPP_value=
ac_cv_env_GIO_CFLAGS_set=
ac_cv_env_GIO_CFLAGS_value=
ac_cv_env_GIO_LIBS_set=
ac_cv_env_GIO_LIBS_value=
ac_cv_env_GLIB_CFLAGS_set=
ac_cv_env_GLIB_CFLAGS_value=
ac_cv_env_GLIB_LIBS_set=
ac_cv_env_GLIB_LIBS_value=
ac_cv_env_GST_BASE_CFLAGS_set=
ac_cv_env_GST_BASE_CFLAGS_value=
ac_cv_env_GST_BASE_LIBS_set=
ac_cv_env_GST_BASE_LIBS_value=
ac_cv_env_GST_CFLAGS_set=
ac_cv_env_GST_CFLAGS_value=
ac_cv_env_GST_CHECK_CFLAGS_set=
ac_cv_env_GST_CHECK_CFLAGS_value=
ac_cv_env_GST_CHECK_LIBS_set=
ac_cv_env_GST_CHECK_LIBS_value=
ac_cv_env_GST_LIBS_set=
ac_cv_env_GST_LIBS_value=
ac_cv_env_GST_PLUGINS_BAD_CFLAGS_set=
ac_cv_env_GST_PLUGINS_BAD_CFLAGS_value=
ac_cv_env_GST_PLUGINS_BAD_LIBS_set=
ac_cv_env_GST_PLUGINS_BAD_LIBS_value=
ac_cv_env_GST_PLUGINS_BASE_CFLAGS_set=
ac_cv_env_GST_PLUGINS_BASE_CFLAGS_value=
ac_cv_env_GST_PLUGINS_BASE_LIBS_set=
ac_cv_env_GST_PLUGINS_BASE_LIBS_value=
ac_cv_env_GST_PLUGINS_GOOD_CFLAGS_set=
ac_cv_env_GST_PLUGINS_GOOD_CFLAGS_value=
ac_cv_env_GST_PLUGINS_GOOD_LIBS_set=
ac_cv_env_GST_PLUGINS_GOOD_LIBS_value=
ac_cv_env_GTKDOC_DEPS_CFLAGS_set=
ac_cv_env_GTKDOC_DEPS_CFLAGS_value=
ac_cv_env_GTKDOC_DEPS_LIBS_set=
ac_cv_env_GTKDOC_DEPS_LIBS_value=
ac_cv_env_LDFLAGS_set=
ac_cv_env_LDFLAGS_value=
ac_cv_env_LIBCGROUP_CFLAGS_set=
ac_cv_env_LIBCGROUP_CFLAGS_value=
ac_cv_env_LIBCGROUP_LIBS_set=
ac_cv_env_LIBCGROUP_LIBS_value=
ac_cv_env_LIBS_set=
ac_cv_env_LIBS_value=
ac_cv_env_PKG_CONFIG_set=
ac_cv_env_PKG_CONFIG_value=
ac_cv_env_VALGRIND_CFLAGS_set=
ac_cv_env_VALGRIND_CFLAGS_value=
ac_cv_env_VALGRIND_LIBS_set=
ac_cv_env_VALGRIND_LIBS_value=
ac_cv_env_build_alias_set=
ac_cv_env_build_alias_value=
ac_cv_env_host_alias_set=
ac_cv_env_host_alias_value=
ac_cv_env_target_alias_set=
ac_cv_env_target_alias_value=
ac_cv_func_dlopen=no
ac_cv_func_shl_load=no
ac_cv_header_dlfcn_h=yes
ac_cv_header_inttypes_h=yes
ac_cv_header_memory_h=yes
ac_cv_header_stdc=yes
ac_cv_header_stdint_h=yes
ac_cv_header_stdlib_h=yes
ac_cv_header_string_h=yes
ac_cv_header_strings_h=yes
ac_cv_header_sys_stat_h=yes
ac_cv_header_sys_types_h=yes
ac_cv_header_unistd_h=yes
ac_cv_host=x86_64-pc-linux-gnu
ac_cv_lib_dl_dlopen=yes
ac_cv_lib_dld_shl_load=no
ac_cv_objext=o
ac_cv_path_EGREP='/bin/grep -E'
ac_cv_path_FGREP='/bin/grep -F'
ac_cv_path_GREP=/bin/grep
ac_cv_path_SED=/bin/sed
ac_cv_path_VALGRIND_PATH=no
ac_cv_path_ac_pt_PKG_CONFIG=/usr/bin/pkg-config
ac_cv_path_install='/usr/bin/install -c'
ac_cv_path_mkdir=/bin/mkdir
ac_cv_prog_AWK=mawk
ac_cv_prog_CPP='gcc -E'
ac_cv_prog_ac_ct_AR=ar
ac_cv_prog_ac_ct_CC=gcc
ac_cv_prog_ac_ct_MANIFEST_TOOL=mt
ac_cv_prog_ac_ct_OBJDUMP=objdump
ac_cv_prog_ac_ct_RANLIB=ranlib
ac_cv_prog_ac_ct_STRIP=strip
ac_cv_prog_cc_c89=
ac_cv_prog_cc_c99=-std=gnu99
ac_cv_prog_cc_g=yes
ac_cv_prog_cc_stdc=-std=gnu99
ac_cv_prog_make_make_set=yes
ac_cv_target=x86_64-pc-linux-gnu
am_cv_CCAS_dependencies_compiler_type=gcc3
am_cv_CC_dependencies_compiler_type=gcc3
am_cv_make_support_nested_variables=yes
am_cv_prog_cc_c_o=yes
am_cv_prog_tar_ustar=gnutar
lt_cv_ar_at_file=@
lt_cv_archive_cmds_need_lc=no
lt_cv_deplibs_check_method=pass_all
lt_cv_dlopen=dlopen
lt_cv_dlopen_libs=-ldl
lt_cv_dlopen_self=yes
lt_cv_dlopen_self_static=no
lt_cv_file_magic_cmd='$MAGIC_CMD'
lt_cv_file_magic_test_file=
lt_cv_ld_reload_flag=-r
lt_cv_nm_interface='BSD nm'
lt_cv_objdir=.libs
lt_cv_path_LD=/usr/bin/ld
lt_cv_path_NM='/usr/bin/nm -B'
lt_cv_path_mainfest_tool=no
lt_cv_prog_compiler_c_o=yes
lt_cv_prog_compiler_pic='-fPIC -DPIC'
lt_cv_prog_compiler_pic_works=yes
lt_cv_prog_compiler_rtti_exceptions=no
lt_cv_prog_compiler_static_works=yes
lt_cv_prog_gnu_ld=yes
lt_cv_sharedlib_from_linklib_cmd='printf %s\n'
lt_cv_shlibpath_overrides_runpath=no
lt_cv_sys_global_symbol_pipe='sed -n -e '\''s/^.*[	 ]\([ABCDGIRSTW][ABCDGIRSTW]*\)[	 ][	 ]*\([_A-Za-z][_A-Za-z0-9]*\)$/\1 \2 \2/p'\'' | sed '\''/ __gnu_lto/d'\'''
lt_cv_sys_global_symbol_to_c_name_address='sed -n -e '\''s/^: \([^ ]*\)[ ]*$/  {\"\1\", (void *) 0},/p'\'' -e '\''s/^[ABCDGIRSTW]* \([^ ]*\) \([^ ]*\)$/  {"\2", (void *) \&\2},/p'\'''
lt_cv_sys_global_symbol_to_c_name_address_lib_prefix='sed -n -e '\''s/^: \([^ ]*\)[ ]*$/  {\"\1\", (void *) 0},/p'\'' -e '\''s/^[ABCDGIRSTW]* \([^ ]*\) \(lib[^ ]*\)$/  {"\2", (void *) \&\2},/p'\'' -e '\''s/^[ABCDGIRSTW]* \([^ ]*\) \([^ ]*\)$/  {"lib\2", (void *) \&\2},/p'\'''
lt_cv_sys_global_symbol_to_cdecl='sed -n -e '\''s/^T .* \(.*\)$/extern int \1();/p'\'' -e '\''s/^[ABCDGIRSTW]* .* \(.*\)$/extern char \1;/p'\'''
lt_cv_sys_max_cmd_len=1572864
lt_cv_to_host_file_cmd=func_convert_file_noop
lt_cv_to_tool_file_cmd=func_convert_file_noop
pkg_cv_GIO_CFLAGS='-pthread -I/usr/include/glib-2.0 -I/usr/lib/x86_64-linux-gnu/glib-2.0/include  '
pkg_cv_GIO_LIBS='-lgio-2.0 -lgobject-2.0 -lglib-2.0  '
pkg_cv_GLIB_CFLAGS='-pthread -I/usr/include/glib-2.0 -I/usr/lib/x86_64-linux-gnu/glib-2.0/include  '
pkg_cv_GLIB_LIBS='-pthread -lgobject-2.0 -lgmodule-2.0 -lglib-2.0  '
pkg_cv_GST_BASE_CFLAGS='-pthread -I/usr/local/include/gstreamer-1.0 -I/usr/local/lib/gstreamer-1.0/include -I/usr/include/glib-2.0 -I/usr/lib/x86_64-linux-gnu/glib-2.0/include  '
pkg_cv_GST_BASE_LIBS='-L/usr/local/lib -lgstbase-1.0 -lgstreamer-1.0 -lgobject-2.0 -lglib-2.0  '
pkg_cv_GST_CFLAGS='-pthread -I/usr/local/include/gstreamer-1.0 -I/usr/local/lib/gstreamer-1.0/include -I/usr/include/glib-2.0 -I/usr/lib/x86_64-linux-gnu/glib-2.0/include  '
pkg_cv_GST_CHECK_CFLAGS='-pthread -I/usr/local/include/gstreamer-1.0 -I/usr/local/lib/gstreamer-1.0/include -I/usr/include/glib-2.0 -I/usr/lib/x86_64-linux-gnu/glib-2.0/include  '
pkg_cv_GST_CHECK_LIBS='-L/usr/local/lib -lgstcheck-1.0 -lm -lgstreamer-1.0 -lgobject-2.0 -lglib-2.0  '
pkg_cv_GST_LIBS='-L/usr/local/lib -lgstreamer-1.0 -lgobject-2.0 -lglib-2.0  '
pkg_cv_GST_PLUGINS_BASE_CFLAGS='-pthread -I/usr/local/include/gstreamer-1.0 -I/usr/local/lib/gstreamer-1.0/include -I/usr/include/glib-2.0 -I/usr/lib/x86_64-linux-gnu/glib-2.0/include  '
pkg_cv_GST_PLUGINS_BASE_LIBS='-L/usr/local/lib -lgstreamer-1.0 -lgobject-2.0 -lglib-2.0  '

## ----------------- ##
## Output variables. ##
## ----------------- ##

ACLOCAL='${SHELL} /home/dhruv/Downloads/gst-rtsp-server-1.6.0/missing aclocal-1.15'
ACLOCAL_AMFLAGS='-I m4 -I common/m4'
AMDEPBACKSLASH='\'
AMDEP_FALSE='#'
AMDEP_TRUE=''
AMTAR='$${TAR-tar}'
AM_BACKSLASH='\'
AM_DEFAULT_V='$(AM_DEFAULT_VERBOSITY)'
AM_DEFAULT_VERBOSITY='0'
AM_V='$(V)'
AR='ar'
AS='as'
AUTOCONF='${SHELL} /home/dhruv/Downloads/gst-rtsp-server-1.6.0/missing autoconf'
AUTOHEADER='${SHELL} /home/dhruv/Downloads/gst-rtsp-server-1.6.0/missing autoheader'
AUTOMAKE='${SHELL} /home/dhruv/Downloads/gst-rtsp-server-1.6.0/missing automake-1.15'
AWK='mawk'
BUILD_EXAMPLES_FALSE='#'
BUILD_EXAMPLES_TRUE=''
BUILD_TESTS_FALSE='#'
BUILD_TESTS_TRUE=''
CAT_ENTRY_END=''
CAT_ENTRY_START=''
CC='gcc -std=gnu99'
CCAS='gcc -std=gnu99'
CCASDEPMODE='depmode=gcc3'
CCASFLAGS='-g -O2'
CCDEPMODE='depmode=gcc3'
CFLAGS='-g -O2'
CPP='gcc -E'
CPPFLAGS=''
CXXFLAGS=''
CYGPATH_W='echo'
DEFAULT_AUDIOSINK='autoaudiosink'
DEFAULT_AUDIOSRC='alsasrc'
DEFAULT_VIDEOSINK='autovideosink'
DEFAULT_VIDEOSRC='v4l2src'
DEFAULT_VISUALIZER='goom'
DEFS='-DHAVE_CONFIG_H'
DEPDIR='.deps'
DEPRECATED_CFLAGS=''
DLLTOOL='false'
DOCBOOK_ROOT=''
DOC_HTML_FALSE=''
DOC_HTML_TRUE='#'
DOC_PDF_FALSE=''
DOC_PDF_TRUE='#'
DOC_PS_FALSE=''
DOC_PS_TRUE='#'
DSYMUTIL=''
DUMPBIN=''
ECHO_C=''
ECHO_N='-n'
ECHO_T=''
EGREP='/bin/grep -E'
ENABLE_DOCBOOK_FALSE=''
ENABLE_DOCBOOK_TRUE='#'
ENABLE_GTK_DOC_FALSE=''
ENABLE_GTK_DOC_TRUE='#'
ERROR_CFLAGS=''
EXEEXT=''
FFLAGS=''
FGREP='/bin/grep -F'
GCOV=''
GCOV_CFLAGS=''
GCOV_LIBS=''
GIO_CFLAGS='-pthread -I/usr/include/glib-2.0 -I/usr/lib/x86_64-linux-gnu/glib-2.0/include  '
GIO_LDFLAGS=''
GIO_LIBS='-lgio-2.0 -lgobject-2.0 -lglib-2.0  '
GLIB_CFLAGS='-pthread -I/usr/include/glib-2.0 -I/usr/lib/x86_64-linux-gnu/glib-2.0/include  '
GLIB_EXTRA_CFLAGS=' -DG_THREADS_MANDATORY -DG_DISABLE_CAST_CHECKS -DG_DISABLE_ASSERT'
GLIB_GENMARSHAL='glib-genmarshal'
GLIB_LIBS='-pthread -lgobject-2.0 -lgmodule-2.0 -lglib-2.0  '
GLIB_MKENUMS='glib-mkenums'
GLIB_REQ='2.32.0'
GREP='/bin/grep'
GSTPB_PLUGINS_DIR='/usr/local/lib/gstreamer-1.0'
GSTPD_PLUGINS_DIR=''
GSTPG_PLUGINS_DIR=''
GST_AGE='600'
GST_ALL_CFLAGS='-I$(top_srcdir) -I$(top_builddir) -pthread -I/usr/local/include/gstreamer-1.0 -I/usr/local/lib/gstreamer-1.0/include -I/usr/include/glib-2.0 -I/usr/lib/x86_64-linux-gnu/glib-2.0/include   -pthread -I/usr/local/include/gstreamer-1.0 -I/usr/local/lib/gstreamer-1.0/include -I/usr/include/glib-2.0 -I/usr/lib/x86_64-linux-gnu/glib-2.0/include   $(GST_OPTION_CFLAGS) $(GST_OPTION_CFLAGS)'
GST_ALL_LDFLAGS='-no-undefined -Wl,-Bsymbolic-functions'
GST_ALL_LIBS='-L/usr/local/lib -lgstreamer-1.0 -lgobject-2.0 -lglib-2.0    $(GCOV_LIBS)'
GST_API_VERSION='1.0'
GST_BASE_CFLAGS='-pthread -I/usr/local/include/gstreamer-1.0 -I/usr/local/lib/gstreamer-1.0/include -I/usr/include/glib-2.0 -I/usr/lib/x86_64-linux-gnu/glib-2.0/include  '
GST_BASE_LIBS='-L/usr/local/lib -lgstbase-1.0 -lgstreamer-1.0 -lgobject-2.0 -lglib-2.0  '
GST_CFLAGS='-pthread -I/usr/local/include/gstreamer-1.0 -I/usr/local/lib/gstreamer-1.0/include -I/usr/include/glib-2.0 -I/usr/lib/x86_64-linux-gnu/glib-2.0/include   $(GST_OPTION_CFLAGS)'
GST_CHECK_CFLAGS='-pthread -I/usr/local/include/gstreamer-1.0 -I/usr/local/lib/gstreamer-1.0/include -I/usr/include/glib-2.0 -I/usr/lib/x86_64-linux-gnu/glib-2.0/include  '
GST_CHECK_LIBS='-L/usr/local/lib -lgstcheck-1.0 -lm -lgstreamer-1.0 -lgobject-2.0 -lglib-2.0  '
GST_CURRENT='600'
GST_GCOV_ENABLED_FALSE=''
GST_GCOV_ENABLED_TRUE='#'
GST_LEVEL_DEFAULT='GST_LEVEL_NONE'
GST_LIBS='-L/usr/local/lib -lgstreamer-1.0 -lgobject-2.0 -lglib-2.0  '
GST_LIBVERSION='600:0:600'
GST_LIB_LDFLAGS='-export-symbols-regex \^_?\(gst_\|Gst\|GST_\).*'
GST_LICENSE='LGPL'
GST_LT_LDFLAGS=' -version-info 600:0:600'
GST_OBJ_CFLAGS='$(GST_ALL_CFLAGS)'
GST_OBJ_LIBS='$(top_builddir)/gst/rtsp-server/libgstrtspserver-1.0.la $(GST_ALL_LIBS)'
GST_OPTION_CFLAGS='$(WARNING_CFLAGS) $(ERROR_CFLAGS) $(DEBUG_CFLAGS) $(PROFILE_CFLAGS) $(GCOV_CFLAGS) $(OPT_CFLAGS) $(DEPRECATED_CFLAGS)'
GST_PACKAGE_NAME='GStreamer RTSP Server Library source release'
GST_PACKAGE_ORIGIN='Unknown package origin'
GST_PKG_CONFIG_PATH='$(top_builddir)/pkgconfig'
GST_PLUGINS_BAD_CFLAGS=''
GST_PLUGINS_BAD_DIR=''
GST_PLUGINS_BAD_LIBS=''
GST_PLUGINS_BASE_CFLAGS='-pthread -I/usr/local/include/gstreamer-1.0 -I/usr/local/lib/gstreamer-1.0/include -I/usr/include/glib-2.0 -I/usr/lib/x86_64-linux-gnu/glib-2.0/include  '
GST_PLUGINS_BASE_DIR='/usr/local/lib/gstreamer-1.0/gst:/usr/local/lib/gstreamer-1.0/sys:/usr/local/lib/gstreamer-1.0/ext'
GST_PLUGINS_BASE_LIBS='-L/usr/local/lib -lgstreamer-1.0 -lgobject-2.0 -lglib-2.0  '
GST_PLUGINS_DIR='/usr/local/lib/gstreamer-1.0'
GST_PLUGINS_GOOD_CFLAGS=''
GST_PLUGINS_GOOD_DIR=''
GST_PLUGINS_GOOD_LIBS=''
GST_REVISION='0'
GST_TOOLS_DIR='/usr/local/bin'
GTKDOC_CHECK=''
GTKDOC_DEPS_CFLAGS=''
GTKDOC_DEPS_LIBS=''
GTKDOC_MKPDF=''
GTKDOC_REBASE='true'
GTK_DOC_BUILD_HTML_FALSE='#'
GTK_DOC_BUILD_HTML_TRUE=''
GTK_DOC_BUILD_PDF_FALSE=''
GTK_DOC_BUILD_PDF_TRUE='#'
GTK_DOC_USE_LIBTOOL_FALSE='#'
GTK_DOC_USE_LIBTOOL_TRUE=''
HAVE_CHECK_FALSE='#'
HAVE_CHECK_TRUE=''
HAVE_DOCBOOK2PS=''
HAVE_DVIPS=''
HAVE_EPSTOPDF=''
HAVE_INTROSPECTION_FALSE=''
HAVE_INTROSPECTION_TRUE='#'
HAVE_JADETEX=''
HAVE_LIBCGROUP_FALSE=''
HAVE_LIBCGROUP_TRUE='#'
HAVE_PNGTOPNM=''
HAVE_PNMTOPS=''
HAVE_PS2PDF=''
HAVE_VALGRIND_FALSE=''
HAVE_VALGRIND_TRUE='#'
HAVE_XMLLINT=''
HAVE_XSLTPROC=''
HTML_DIR='${datadir}/gtk-doc/html'
INSTALL_DATA='${INSTALL} -m 644'
INSTALL_PROGRAM='${INSTALL}'
INSTALL_SCRIPT='${INSTALL}'
INSTALL_STRIP_PROGRAM='$(install_sh) -c -s'
INTROSPECTION_CFLAGS=''
INTROSPECTION_COMPILER=''
INTROSPECTION_GENERATE=''
INTROSPECTION_GIRDIR=''
INTROSPECTION_INIT=''
INTROSPECTION_LIBS=''
INTROSPECTION_MAKEFILE=''
INTROSPECTION_SCANNER=''
INTROSPECTION_TYPELIBDIR=''
LD='/usr/bin/ld -m elf_x86_64'
LDFLAGS=''
LIBCGROUP_CFLAGS=''
LIBCGROUP_LIBS=''
LIBOBJS=''
LIBS=''
LIBTOOL='$(SHELL) $(top_builddir)/libtool'
LIPO=''
LN_S='ln -s'
LTLIBOBJS=''
MAINT=''
MAINTAINER_MODE_FALSE='#'
MAINTAINER_MODE_TRUE=''
MAKEINFO='${SHELL} /home/dhruv/Downloads/gst-rtsp-server-1.6.0/missing makeinfo'
MANIFEST_TOOL=':'
MKDIR_P='/bin/mkdir -p'
NM='/usr/bin/nm -B'
NMEDIT=''
OBJDUMP='objdump'
OBJEXT='o'
OTOOL64=''
OTOOL=''
PACKAGE='gst-rtsp-server'
PACKAGE_BUGREPORT='http://bugzilla.gnome.org/enter_bug.cgi?product=GStreamer'
PACKAGE_NAME='GStreamer RTSP Server Library'
PACKAGE_STRING='GStreamer RTSP Server Library 1.6.0'
PACKAGE_TARNAME='gst-rtsp-server'
PACKAGE_URL=''
PACKAGE_VERSION='1.6.0'
PACKAGE_VERSION_MAJOR='1'
PACKAGE_VERSION_MICRO='0'
PACKAGE_VERSION_MINOR='6'
PACKAGE_VERSION_NANO='0'
PACKAGE_VERSION_RELEASE='1'
PATH_SEPARATOR=':'
PKG_CONFIG='/usr/bin/pkg-config'
PLUGINDIR='/usr/local/lib/gstreamer-1.0'
PROFILE_CFLAGS='-g'
RANLIB='ranlib'
SED='/bin/sed'
SET_MAKE=''
SHELL='/bin/bash'
STRIP='strip'
VALGRIND_CFLAGS=''
VALGRIND_LIBS=''
VALGRIND_PATH='no'
VERSION='1.6.0'
WARNING_CFLAGS=' -Wall -Wdeclaration-after-statement -Wvla -Wpointer-arith -Wmissing-declarations -Wmissing-prototypes -Wredundant-decls -Wundef -Wwrite-strings -Wformat-nonliteral -Wformat-security -Wold-style-definition -Winit-self -Wmissing-include-dirs -Waddress -Waggregate-return -Wno-multichar -Wnested-externs'
XML_CATALOG=''
XSLTPROC=''
XSLTPROC_FLAGS=''
ac_ct_AR='ar'
ac_ct_CC='gcc'
ac_ct_DUMPBIN=''
am__EXEEXT_FALSE=''
am__EXEEXT_TRUE='#'
am__fastdepCCAS_FALSE='#'
am__fastdepCCAS_TRUE=''
am__fastdepCC_FALSE='#'
am__fastdepCC_TRUE=''
am__include='include'
am__isrc=''
am__leading_dot='.'
am__nodep='_no'
am__quote=''
am__tar='tar --format=ustar -chf - "$$tardir"'
am__untar='tar -xf -'
bindir='${exec_prefix}/bin'
build='x86_64-pc-linux-gnu'
build_alias=''
build_cpu='x86_64'
build_os='linux-gnu'
build_vendor='pc'
datadir='${datarootdir}'
datarootdir='${prefix}/share'
docdir='$(datadir)/doc/gst-rtsp-server-1.0'
dvidir='${docdir}'
exec_prefix='${prefix}'
host='x86_64-pc-linux-gnu'
host_alias=''
host_cpu='x86_64'
host_os='linux-gnu'
host_vendor='pc'
htmldir='${docdir}'
includedir='${prefix}/include'
infodir='${datarootdir}/info'
install_sh='${SHELL} /home/dhruv/Downloads/gst-rtsp-server-1.6.0/install-sh'
libdir='${exec_prefix}/lib'
libexecdir='${exec_prefix}/libexec'
localedir='${datarootdir}/locale'
localstatedir='${prefix}/var'
mandir='${datarootdir}/man'
mkdir_p='$(MKDIR_P)'
oldincludedir='/usr/include'
pdfdir='${docdir}'
plugindir='$(libdir)/gstreamer-1.0'
prefix='/usr/local'
program_transform_name='s,x,x,'
psdir='${docdir}'
runstatedir='${localstatedir}/run'
sbindir='${exec_prefix}/sbin'
sharedstatedir='${prefix}/com'
sysconfdir='${prefix}/etc'
target='x86_64-pc-linux-gnu'
target_alias=''
target_cpu='x86_64'
target_os='linux-gnu'
target_vendor='pc'

## ----------- ##
## confdefs.h. ##
## ----------- ##

/* confdefs.h */
#define PACKAGE_NAME "GStreamer RTSP Server Library"
#define PACKAGE_TARNAME "gst-rtsp-server"
#define PACKAGE_VERSION "1.6.0"
#define PACKAGE_STRING "GStreamer RTSP Server Library 1.6.0"
#define PACKAGE_BUGREPORT "http://bugzilla.gnome.org/enter_bug.cgi?product=GStreamer"
#define PACKAGE_URL ""
#define PACKAGE "gst-rtsp-server"
#define VERSION "1.6.0"
#define STDC_HEADERS 1
#define HAVE_SYS_TYPES_H 1
#define HAVE_SYS_STAT_H 1
#define HAVE_STDLIB_H 1
#define HAVE_STRING_H 1
#define HAVE_MEMORY_H 1
#define HAVE_STRINGS_H 1
#define HAVE_INTTYPES_H 1
#define HAVE_STDINT_H 1
#define HAVE_UNISTD_H 1
#define HAVE_DLFCN_H 1
#define LT_OBJDIR ".libs/"
#define GST_PACKAGE_NAME "GStreamer RTSP Server Library source release"
#define GST_PACKAGE_ORIGIN "Unknown package origin"
#define GST_PACKAGE_RELEASE_DATETIME "2015-09-25"
#define GIO_MODULE_DIR "/usr/lib/x86_64-linux-gnu/gio/modules"
#define GIO_LIBDIR "/usr/lib/x86_64-linux-gnu"
#define GIO_PREFIX "/usr"
#define GST_LICENSE "LGPL"
#define PLUGINDIR "/usr/local/lib/gstreamer-1.0"
#define GST_PACKAGE_RELEASE_DATETIME "2015-09-25"
#define GST_LEVEL_DEFAULT GST_LEVEL_NONE
#define DEFAULT_AUDIOSINK "autoaudiosink"
#define DEFAULT_AUDIOSRC "alsasrc"
#define DEFAULT_VIDEOSINK "autovideosink"
#define DEFAULT_VIDEOSRC "v4l2src"
#define DEFAULT_VISUALIZER "goom"

configure: exit 0
